D:\Sagar\personal projects\Mosh\DotnetCore And angular 2\Car Info\ClientApp\dist\out-tsc\e2e\src\app.po.js
D:\Sagar\personal projects\Mosh\DotnetCore And angular 2\Car Info\ClientApp\dist\out-tsc\e2e\src\app.po.js.map
D:\Sagar\personal projects\Mosh\DotnetCore And angular 2\Car Info\ClientApp\dist\out-tsc\e2e\src\app.e2e-spec.js
D:\Sagar\personal projects\Mosh\DotnetCore And angular 2\Car Info\ClientApp\dist\out-tsc\e2e\src\app.e2e-spec.js.map
D:\Sagar\personal projects\Mosh\DotnetCore And angular 2\Car Info\ClientApp\dist\out-tsc\src\environments\environment.js
D:\Sagar\personal projects\Mosh\DotnetCore And angular 2\Car Info\ClientApp\dist\out-tsc\src\environments\environment.js.map
D:\Sagar\personal projects\Mosh\DotnetCore And angular 2\Car Info\ClientApp\dist\out-tsc\src\app\services\make.service.js
D:\Sagar\personal projects\Mosh\DotnetCore And angular 2\Car Info\ClientApp\dist\out-tsc\src\app\services\make.service.js.map
D:\Sagar\personal projects\Mosh\DotnetCore And angular 2\Car Info\ClientApp\dist\out-tsc\src\app\component\menu\menu.component.js
D:\Sagar\personal projects\Mosh\DotnetCore And angular 2\Car Info\ClientApp\dist\out-tsc\src\app\component\menu\menu.component.js.map
D:\Sagar\personal projects\Mosh\DotnetCore And angular 2\Car Info\ClientApp\dist\out-tsc\src\app\component\vehicle-form\vehicle-form.component.js
D:\Sagar\personal projects\Mosh\DotnetCore And angular 2\Car Info\ClientApp\dist\out-tsc\src\app\component\vehicle-form\vehicle-form.component.js.map
D:\Sagar\personal projects\Mosh\DotnetCore And angular 2\Car Info\ClientApp\dist\out-tsc\src\app\app-routing.module.js
D:\Sagar\personal projects\Mosh\DotnetCore And angular 2\Car Info\ClientApp\dist\out-tsc\src\app\app-routing.module.js.map
D:\Sagar\personal projects\Mosh\DotnetCore And angular 2\Car Info\ClientApp\dist\out-tsc\src\app\app.component.js
D:\Sagar\personal projects\Mosh\DotnetCore And angular 2\Car Info\ClientApp\dist\out-tsc\src\app\app.component.js.map
D:\Sagar\personal projects\Mosh\DotnetCore And angular 2\Car Info\ClientApp\dist\out-tsc\src\app\app.module.js
D:\Sagar\personal projects\Mosh\DotnetCore And angular 2\Car Info\ClientApp\dist\out-tsc\src\app\app.module.js.map
D:\Sagar\personal projects\Mosh\DotnetCore And angular 2\Car Info\ClientApp\dist\out-tsc\src\main.js
D:\Sagar\personal projects\Mosh\DotnetCore And angular 2\Car Info\ClientApp\dist\out-tsc\src\main.js.map
D:\Sagar\personal projects\Mosh\DotnetCore And angular 2\Car Info\ClientApp\dist\out-tsc\src\polyfills.js
D:\Sagar\personal projects\Mosh\DotnetCore And angular 2\Car Info\ClientApp\dist\out-tsc\src\polyfills.js.map
D:\Sagar\personal projects\Mosh\DotnetCore And angular 2\Car Info\ClientApp\dist\out-tsc\src\test.js
D:\Sagar\personal projects\Mosh\DotnetCore And angular 2\Car Info\ClientApp\dist\out-tsc\src\test.js.map
D:\Sagar\personal projects\Mosh\DotnetCore And angular 2\Car Info\ClientApp\dist\out-tsc\src\app\app.component.spec.js
D:\Sagar\personal projects\Mosh\DotnetCore And angular 2\Car Info\ClientApp\dist\out-tsc\src\app\app.component.spec.js.map
D:\Sagar\personal projects\Mosh\DotnetCore And angular 2\Car Info\ClientApp\dist\out-tsc\src\app\component\menu\menu.component.spec.js
D:\Sagar\personal projects\Mosh\DotnetCore And angular 2\Car Info\ClientApp\dist\out-tsc\src\app\component\menu\menu.component.spec.js.map
D:\Sagar\personal projects\Mosh\DotnetCore And angular 2\Car Info\ClientApp\dist\out-tsc\src\app\component\vehicle-form\vehicle-form.component.spec.js
D:\Sagar\personal projects\Mosh\DotnetCore And angular 2\Car Info\ClientApp\dist\out-tsc\src\app\component\vehicle-form\vehicle-form.component.spec.js.map
D:\Sagar\personal projects\Mosh\DotnetCore And angular 2\Car Info\ClientApp\dist\out-tsc\src\app\services\make.service.spec.js
D:\Sagar\personal projects\Mosh\DotnetCore And angular 2\Car Info\ClientApp\dist\out-tsc\src\app\services\make.service.spec.js.map
D:\Sagar\personal projects\Mosh\DotnetCore And angular 2\Car Info\ClientApp\dist\out-tsc\src\environments\environment.prod.js
D:\Sagar\personal projects\Mosh\DotnetCore And angular 2\Car Info\ClientApp\dist\out-tsc\src\environments\environment.prod.js.map
